<?xml version="1.0" encoding="UTF-8"?>
<testng-results skipped="0" failed="0" ignored="0" total="1" passed="1">
  <reporter-output>
  </reporter-output>
  <suite name="appiumTests.Test1" duration-ms="73" started-at="2020-09-21T12:19:06 IST" finished-at="2020-09-21T12:19:06 IST">
    <groups>
    </groups>
    <test name="Command line test" duration-ms="73" started-at="2020-09-21T12:19:06 IST" finished-at="2020-09-21T12:19:06 IST">
      <class name="appiumTests.Test1">
        <test-method status="PASS" signature="beforeClass()[pri:0, instance:appiumTests.Test1@343f4d3d]" name="beforeClass" is-config="true" duration-ms="21" started-at="2020-09-21T12:19:06 IST" finished-at="2020-09-21T12:19:06 IST">
          <reporter-output>
          </reporter-output>
        </test-method> <!-- beforeClass -->
        <test-method status="PASS" signature="f()[pri:0, instance:appiumTests.Test1@343f4d3d]" name="f" duration-ms="2" started-at="2020-09-21T12:19:06 IST" finished-at="2020-09-21T12:19:06 IST">
          <reporter-output>
          </reporter-output>
        </test-method> <!-- f -->
        <test-method status="PASS" signature="afterClass()[pri:0, instance:appiumTests.Test1@343f4d3d]" name="afterClass" is-config="true" duration-ms="0" started-at="2020-09-21T12:19:06 IST" finished-at="2020-09-21T12:19:06 IST">
          <reporter-output>
          </reporter-output>
        </test-method> <!-- afterClass -->
      </class> <!-- appiumTests.Test1 -->
    </test> <!-- Command line test -->
  </suite> <!-- appiumTests.Test1 -->
</testng-results>
