<?xml version="1.0" encoding="UTF-8"?>
<testng-results skipped="0" failed="0" total="2" passed="2">
  <reporter-output>
  </reporter-output>
  <suite name="Default suite" duration-ms="59899" started-at="2020-09-27T15:49:22Z" finished-at="2020-09-27T15:50:22Z">
    <groups>
    </groups>
    <test name="Default test" duration-ms="59899" started-at="2020-09-27T15:49:22Z" finished-at="2020-09-27T15:50:22Z">
      <class name="appiumActivities.GoogleKeep">
        <test-method status="PASS" signature="beforeMethod()[pri:0, instance:appiumActivities.GoogleKeep@4883b407]" name="beforeMethod" is-config="true" duration-ms="10388" started-at="2020-09-27T21:19:22Z" finished-at="2020-09-27T21:19:32Z">
          <reporter-output>
          </reporter-output>
        </test-method> <!-- beforeMethod -->
        <test-method status="PASS" signature="addNote()[pri:0, instance:appiumActivities.GoogleKeep@4883b407]" name="addNote" duration-ms="9319" started-at="2020-09-27T21:19:32Z" finished-at="2020-09-27T21:19:42Z">
          <reporter-output>
          </reporter-output>
        </test-method> <!-- addNote -->
        <test-method status="PASS" signature="afterMethod()[pri:0, instance:appiumActivities.GoogleKeep@4883b407]" name="afterMethod" is-config="true" duration-ms="593" started-at="2020-09-27T21:19:42Z" finished-at="2020-09-27T21:19:42Z">
          <reporter-output>
          </reporter-output>
        </test-method> <!-- afterMethod -->
        <test-method status="PASS" signature="beforeMethod()[pri:0, instance:appiumActivities.GoogleKeep@4883b407]" name="beforeMethod" is-config="true" duration-ms="9024" started-at="2020-09-27T21:19:42Z" finished-at="2020-09-27T21:19:51Z">
          <reporter-output>
          </reporter-output>
        </test-method> <!-- beforeMethod -->
        <test-method status="PASS" signature="addNoteWithReminder()[pri:0, instance:appiumActivities.GoogleKeep@4883b407]" name="addNoteWithReminder" duration-ms="29943" started-at="2020-09-27T21:19:51Z" finished-at="2020-09-27T21:20:21Z">
          <reporter-output>
          </reporter-output>
        </test-method> <!-- addNoteWithReminder -->
        <test-method status="PASS" signature="afterMethod()[pri:0, instance:appiumActivities.GoogleKeep@4883b407]" name="afterMethod" is-config="true" duration-ms="582" started-at="2020-09-27T21:20:21Z" finished-at="2020-09-27T21:20:22Z">
          <reporter-output>
          </reporter-output>
        </test-method> <!-- afterMethod -->
      </class> <!-- appiumActivities.GoogleKeep -->
    </test> <!-- Default test -->
  </suite> <!-- Default suite -->
</testng-results>
